twa-kripa-connect/app/build/intermediates/manifest_merge_blame_file/release/processReleaseMainManifest/manifest-merger-blame-release-report.txt
1<?xml version="1.0" encoding="utf-8"?>
2<!--
3    Copyright 2019 Google Inc. All Rights Reserved.
4
5     Licensed under the Apache License, Version 2.0 (the "License");
6     you may not use this file except in compliance with the License.
7     You may obtain a copy of the License at
8
9         http://www.apache.org/licenses/LICENSE-2.0
10
11     Unless required by applicable law or agreed to in writing, software
12     distributed under the License is distributed on an "AS IS" BASIS,
13     WITHOUT WARRANTIES OR CONDITIONS OF ANY KIND, either express or implied.
14     See the License for the specific language governing permissions and
15     limitations under the License.
16-->
17<!--
18 The "package" attribute is rewritten by the Gradle build with the value of applicationId.
19     It is still required here, as it is used to derive paths, for instance when referring
20     to an Activity by ".MyActivity" instead of the full name. If more Activities are added to the
21     application, the package attribute will need to reflect the correct path in order to use
22     the abbreviated format.
23-->
24<manifest xmlns:android="http://schemas.android.com/apk/res/android"
25    package="app.vercel.kripa_connect_app.twa"
26    android:versionCode="3"
27    android:versionName="3.0" >
28
29    <uses-sdk
30        android:minSdkVersion="21"
31        android:targetSdkVersion="35" />
32
33    <uses-permission android:name="android.permission.POST_NOTIFICATIONS" />
33-->src\main\AndroidManifest.xml:26:9-80
33-->src\main\AndroidManifest.xml:26:26-78
34    <uses-permission android:name="android.permission.ACCESS_FINE_LOCATION" />
34-->[com.google.androidbrowserhelper:locationdelegation:1.1.2] AndroidManifest.xml:7:5-79
34-->[com.google.androidbrowserhelper:locationdelegation:1.1.2] AndroidManifest.xml:7:22-76
35    <uses-permission android:name="android.permission.ACCESS_COARSE_LOCATION" />
35-->[com.google.androidbrowserhelper:locationdelegation:1.1.2] AndroidManifest.xml:8:5-81
35-->[com.google.androidbrowserhelper:locationdelegation:1.1.2] AndroidManifest.xml:8:22-78
36
37    <queries>
37-->[com.google.androidbrowserhelper:androidbrowserhelper:2.6.2] AndroidManifest.xml:22:5-30:15
38        <intent>
38-->[com.google.androidbrowserhelper:androidbrowserhelper:2.6.2] AndroidManifest.xml:23:9-29:18
39            <action android:name="android.intent.action.VIEW" />
39-->src\main\AndroidManifest.xml:151:17-68
39-->src\main\AndroidManifest.xml:151:25-66
40
41            <category android:name="android.intent.category.BROWSABLE" />
41-->src\main\AndroidManifest.xml:153:17-77
41-->src\main\AndroidManifest.xml:153:27-75
42
43            <data android:scheme="https" />
43-->src\main\AndroidManifest.xml:154:17-157:19
43-->src\main\AndroidManifest.xml:154:23-45
44        </intent>
45    </queries>
46
47    <permission
47-->[androidx.core:core:1.13.0] AndroidManifest.xml:22:5-24:47
48        android:name="app.vercel.kripa_connect_app.twa.DYNAMIC_RECEIVER_NOT_EXPORTED_PERMISSION"
48-->[androidx.core:core:1.13.0] AndroidManifest.xml:23:9-81
49        android:protectionLevel="signature" />
49-->[androidx.core:core:1.13.0] AndroidManifest.xml:24:9-44
50
51    <uses-permission android:name="app.vercel.kripa_connect_app.twa.DYNAMIC_RECEIVER_NOT_EXPORTED_PERMISSION" />
51-->[androidx.core:core:1.13.0] AndroidManifest.xml:26:5-97
51-->[androidx.core:core:1.13.0] AndroidManifest.xml:26:22-94
52
53    <application
53-->src\main\AndroidManifest.xml:35:5-205:19
54        android:name="app.vercel.kripa_connect_app.twa.Application"
54-->src\main\AndroidManifest.xml:36:9-35
55        android:allowBackup="true"
55-->src\main\AndroidManifest.xml:37:9-35
56        android:appComponentFactory="androidx.core.app.CoreComponentFactory"
56-->[androidx.core:core:1.13.0] AndroidManifest.xml:28:18-86
57        android:extractNativeLibs="true"
58        android:icon="@mipmap/ic_launcher"
58-->src\main\AndroidManifest.xml:38:9-43
59        android:label="@string/appName"
59-->src\main\AndroidManifest.xml:40:9-40
60        android:manageSpaceActivity="com.google.androidbrowserhelper.trusted.ManageDataLauncherActivity"
60-->src\main\AndroidManifest.xml:42:9-105
61        android:roundIcon="@mipmap/ic_launcher_round"
61-->src\main\AndroidManifest.xml:39:9-54
62        android:supportsRtl="true"
62-->src\main\AndroidManifest.xml:44:9-35
63        android:theme="@android:style/Theme.Translucent.NoTitleBar" >
63-->src\main\AndroidManifest.xml:45:9-68
64        <meta-data
64-->src\main\AndroidManifest.xml:47:9-49:58
65            android:name="asset_statements"
65-->src\main\AndroidManifest.xml:48:13-44
66            android:resource="@string/assetStatements" />
66-->src\main\AndroidManifest.xml:49:13-55
67        <meta-data
67-->src\main\AndroidManifest.xml:52:13-54:58
68            android:name="web_manifest_url"
68-->src\main\AndroidManifest.xml:53:17-48
69            android:value="@string/webManifestUrl" />
69-->src\main\AndroidManifest.xml:54:17-55
70        <meta-data
70-->src\main\AndroidManifest.xml:57:9-59:52
71            android:name="twa_generator"
71-->src\main\AndroidManifest.xml:58:13-41
72            android:value="@string/generatorApp" />
72-->src\main\AndroidManifest.xml:59:13-49
73
74        <activity
74-->src\main\AndroidManifest.xml:66:13-77:24
75            android:name="com.google.androidbrowserhelper.trusted.ManageDataLauncherActivity"
75-->src\main\AndroidManifest.xml:66:23-104
76            android:enabled="true"
76-->src\main\AndroidManifest.xml:68:17-39
77            android:excludeFromRecents="true"
77-->src\main\AndroidManifest.xml:69:17-50
78            android:exported="false" >
78-->src\main\AndroidManifest.xml:67:17-41
79            <meta-data
79-->src\main\AndroidManifest.xml:70:17-72:57
80                android:name="android.support.customtabs.trusted.MANAGE_SPACE_URL"
80-->src\main\AndroidManifest.xml:71:21-87
81                android:value="@string/launchUrl" />
81-->src\main\AndroidManifest.xml:72:21-54
82
83            <intent-filter>
83-->src\main\AndroidManifest.xml:73:17-76:33
84                <action android:name="android.intent.action.APPLICATION_PREFERENCES" />
84-->src\main\AndroidManifest.xml:74:21-92
84-->src\main\AndroidManifest.xml:74:29-89
85
86                <category android:name="android.intent.category.DEFAULT" />
86-->src\main\AndroidManifest.xml:75:21-80
86-->src\main\AndroidManifest.xml:75:31-77
87            </intent-filter>
88        </activity>
89        <activity
89-->src\main\AndroidManifest.xml:80:9-163:20
90            android:name="app.vercel.kripa_connect_app.twa.LauncherActivity"
90-->src\main\AndroidManifest.xml:80:19-50
91            android:alwaysRetainTaskState="true"
91-->src\main\AndroidManifest.xml:81:13-49
92            android:exported="true"
92-->src\main\AndroidManifest.xml:85:13-36
93            android:icon="@mipmap/ic_launcher"
93-->src\main\AndroidManifest.xml:82:13-47
94            android:label="@string/launcherName"
94-->src\main\AndroidManifest.xml:84:13-49
95            android:roundIcon="@mipmap/ic_launcher_round" >
95-->src\main\AndroidManifest.xml:83:13-58
96            <meta-data
96-->src\main\AndroidManifest.xml:86:13-87:53
97                android:name="android.support.customtabs.trusted.DEFAULT_URL"
97-->src\main\AndroidManifest.xml:86:24-85
98                android:value="@string/launchUrl" />
98-->src\main\AndroidManifest.xml:87:17-50
99            <meta-data
99-->src\main\AndroidManifest.xml:89:13-91:58
100                android:name="android.support.customtabs.trusted.STATUS_BAR_COLOR"
100-->src\main\AndroidManifest.xml:90:17-83
101                android:resource="@color/colorPrimary" />
101-->src\main\AndroidManifest.xml:91:17-55
102            <meta-data
102-->src\main\AndroidManifest.xml:95:13-97:62
103                android:name="android.support.customtabs.trusted.STATUS_BAR_COLOR_DARK"
103-->src\main\AndroidManifest.xml:96:17-88
104                android:resource="@color/colorPrimaryDark" />
104-->src\main\AndroidManifest.xml:97:17-59
105            <meta-data
105-->src\main\AndroidManifest.xml:99:13-101:61
106                android:name="android.support.customtabs.trusted.NAVIGATION_BAR_COLOR"
106-->src\main\AndroidManifest.xml:100:17-87
107                android:resource="@color/navigationColor" />
107-->src\main\AndroidManifest.xml:101:17-58
108            <meta-data
108-->src\main\AndroidManifest.xml:103:13-105:65
109                android:name="android.support.customtabs.trusted.NAVIGATION_BAR_COLOR_DARK"
109-->src\main\AndroidManifest.xml:104:17-92
110                android:resource="@color/navigationColorDark" />
110-->src\main\AndroidManifest.xml:105:17-62
111            <meta-data
111-->src\main\AndroidManifest.xml:107:13-109:68
112                android:name="androix.browser.trusted.NAVIGATION_BAR_DIVIDER_COLOR"
112-->src\main\AndroidManifest.xml:108:17-84
113                android:resource="@color/navigationDividerColor" />
113-->src\main\AndroidManifest.xml:109:17-65
114            <meta-data
114-->src\main\AndroidManifest.xml:111:13-113:72
115                android:name="androix.browser.trusted.NAVIGATION_BAR_DIVIDER_COLOR_DARK"
115-->src\main\AndroidManifest.xml:112:17-89
116                android:resource="@color/navigationDividerColorDark" />
116-->src\main\AndroidManifest.xml:113:17-69
117            <meta-data
117-->src\main\AndroidManifest.xml:115:13-116:54
118                android:name="android.support.customtabs.trusted.SPLASH_IMAGE_DRAWABLE"
118-->src\main\AndroidManifest.xml:115:24-95
119                android:resource="@drawable/splash" />
119-->src\main\AndroidManifest.xml:116:17-52
120            <meta-data
120-->src\main\AndroidManifest.xml:118:13-119:60
121                android:name="android.support.customtabs.trusted.SPLASH_SCREEN_BACKGROUND_COLOR"
121-->src\main\AndroidManifest.xml:118:24-104
122                android:resource="@color/backgroundColor" />
122-->src\main\AndroidManifest.xml:119:17-58
123            <meta-data
123-->src\main\AndroidManifest.xml:121:13-122:71
124                android:name="android.support.customtabs.trusted.SPLASH_SCREEN_FADE_OUT_DURATION"
124-->src\main\AndroidManifest.xml:121:24-105
125                android:value="@integer/splashScreenFadeOutDuration" />
125-->src\main\AndroidManifest.xml:122:17-69
126            <meta-data
126-->src\main\AndroidManifest.xml:124:13-125:60
127                android:name="android.support.customtabs.trusted.FILE_PROVIDER_AUTHORITY"
127-->src\main\AndroidManifest.xml:124:24-97
128                android:value="@string/providerAuthority" />
128-->src\main\AndroidManifest.xml:125:17-58
129            <meta-data
129-->src\main\AndroidManifest.xml:127:13-97
130                android:name="android.app.shortcuts"
130-->src\main\AndroidManifest.xml:127:24-60
131                android:resource="@xml/shortcuts" />
131-->src\main\AndroidManifest.xml:127:61-94
132            <meta-data
132-->src\main\AndroidManifest.xml:129:13-130:56
133                android:name="android.support.customtabs.trusted.FALLBACK_STRATEGY"
133-->src\main\AndroidManifest.xml:129:24-91
134                android:value="@string/fallbackType" />
134-->src\main\AndroidManifest.xml:130:17-53
135            <meta-data
135-->src\main\AndroidManifest.xml:136:13-137:54
136                android:name="android.support.customtabs.trusted.SCREEN_ORIENTATION"
136-->src\main\AndroidManifest.xml:136:24-92
137                android:value="@string/orientation" />
137-->src\main\AndroidManifest.xml:137:17-52
138
139            <intent-filter>
139-->src\main\AndroidManifest.xml:145:13-148:29
140                <action android:name="android.intent.action.MAIN" />
140-->src\main\AndroidManifest.xml:146:17-69
140-->src\main\AndroidManifest.xml:146:25-66
141
142                <category android:name="android.intent.category.LAUNCHER" />
142-->src\main\AndroidManifest.xml:147:17-77
142-->src\main\AndroidManifest.xml:147:27-74
143            </intent-filter>
144            <intent-filter android:autoVerify="true" >
144-->src\main\AndroidManifest.xml:150:13-158:29
144-->src\main\AndroidManifest.xml:150:28-53
145                <action android:name="android.intent.action.VIEW" />
145-->src\main\AndroidManifest.xml:151:17-68
145-->src\main\AndroidManifest.xml:151:25-66
146
147                <category android:name="android.intent.category.DEFAULT" />
147-->src\main\AndroidManifest.xml:75:21-80
147-->src\main\AndroidManifest.xml:75:31-77
148                <category android:name="android.intent.category.BROWSABLE" />
148-->src\main\AndroidManifest.xml:153:17-77
148-->src\main\AndroidManifest.xml:153:27-75
149
150                <data
150-->src\main\AndroidManifest.xml:154:17-157:19
151                    android:host="@string/hostName"
151-->src\main\AndroidManifest.xml:155:21-52
152                    android:scheme="https" />
152-->src\main\AndroidManifest.xml:154:23-45
153            </intent-filter>
154        </activity>
155        <activity android:name="com.google.androidbrowserhelper.trusted.FocusActivity" />
155-->src\main\AndroidManifest.xml:165:9-90
155-->src\main\AndroidManifest.xml:165:19-87
156        <activity
156-->src\main\AndroidManifest.xml:167:9-168:62
157            android:name="com.google.androidbrowserhelper.trusted.WebViewFallbackActivity"
157-->src\main\AndroidManifest.xml:167:19-97
158            android:configChanges="orientation|screenSize" />
158-->src\main\AndroidManifest.xml:168:13-59
159
160        <provider
160-->src\main\AndroidManifest.xml:170:9-178:20
161            android:name="androidx.core.content.FileProvider"
161-->src\main\AndroidManifest.xml:171:13-62
162            android:authorities="@string/providerAuthority"
162-->src\main\AndroidManifest.xml:172:13-60
163            android:exported="false"
163-->src\main\AndroidManifest.xml:174:13-37
164            android:grantUriPermissions="true" >
164-->src\main\AndroidManifest.xml:173:13-47
165            <meta-data
165-->src\main\AndroidManifest.xml:175:13-177:53
166                android:name="android.support.FILE_PROVIDER_PATHS"
166-->src\main\AndroidManifest.xml:176:17-67
167                android:resource="@xml/filepaths" />
167-->src\main\AndroidManifest.xml:177:17-50
168        </provider>
169
170        <service
170-->src\main\AndroidManifest.xml:180:9-195:19
171            android:name="app.vercel.kripa_connect_app.twa.DelegationService"
171-->src\main\AndroidManifest.xml:181:13-46
172            android:enabled="@bool/enableNotification"
172-->src\main\AndroidManifest.xml:182:13-55
173            android:exported="@bool/enableNotification" >
173-->src\main\AndroidManifest.xml:183:13-56
174            <meta-data
174-->src\main\AndroidManifest.xml:186:17-188:73
175                android:name="android.support.customtabs.trusted.SMALL_ICON"
175-->src\main\AndroidManifest.xml:187:21-81
176                android:resource="@drawable/ic_notification_icon" />
176-->src\main\AndroidManifest.xml:188:21-70
177
178            <intent-filter>
178-->src\main\AndroidManifest.xml:191:13-194:29
179                <action android:name="android.support.customtabs.trusted.TRUSTED_WEB_ACTIVITY_SERVICE" />
179-->src\main\AndroidManifest.xml:192:17-105
179-->src\main\AndroidManifest.xml:192:25-103
180
181                <category android:name="android.intent.category.DEFAULT" />
181-->src\main\AndroidManifest.xml:75:21-80
181-->src\main\AndroidManifest.xml:75:31-77
182            </intent-filter>
183        </service>
184
185        <activity android:name="com.google.androidbrowserhelper.trusted.NotificationPermissionRequestActivity" />
185-->src\main\AndroidManifest.xml:198:13-118
185-->src\main\AndroidManifest.xml:198:23-115
186        <activity android:name="com.google.androidbrowserhelper.locationdelegation.PermissionRequestActivity" />
186-->src\main\AndroidManifest.xml:202:13-203:89
186-->src\main\AndroidManifest.xml:202:23-123
187        <activity
187-->[com.google.android.gms:play-services-base:18.1.0] AndroidManifest.xml:20:9-22:45
188            android:name="com.google.android.gms.common.api.GoogleApiActivity"
188-->[com.google.android.gms:play-services-base:18.1.0] AndroidManifest.xml:20:19-85
189            android:exported="false"
189-->[com.google.android.gms:play-services-base:18.1.0] AndroidManifest.xml:22:19-43
190            android:theme="@android:style/Theme.Translucent.NoTitleBar" />
190-->[com.google.android.gms:play-services-base:18.1.0] AndroidManifest.xml:21:19-78
191
192        <meta-data
192-->[com.google.android.gms:play-services-basement:18.1.0] AndroidManifest.xml:21:9-23:69
193            android:name="com.google.android.gms.version"
193-->[com.google.android.gms:play-services-basement:18.1.0] AndroidManifest.xml:22:13-58
194            android:value="@integer/google_play_services_version" />
194-->[com.google.android.gms:play-services-basement:18.1.0] AndroidManifest.xml:23:13-66
195
196        <provider
196-->[androidx.emoji2:emoji2:1.3.0] AndroidManifest.xml:24:9-32:20
197            android:name="androidx.startup.InitializationProvider"
197-->[androidx.emoji2:emoji2:1.3.0] AndroidManifest.xml:25:13-67
198            android:authorities="app.vercel.kripa_connect_app.twa.androidx-startup"
198-->[androidx.emoji2:emoji2:1.3.0] AndroidManifest.xml:26:13-68
199            android:exported="false" >
199-->[androidx.emoji2:emoji2:1.3.0] AndroidManifest.xml:27:13-37
200            <meta-data
200-->[androidx.emoji2:emoji2:1.3.0] AndroidManifest.xml:29:13-31:52
201                android:name="androidx.emoji2.text.EmojiCompatInitializer"
201-->[androidx.emoji2:emoji2:1.3.0] AndroidManifest.xml:30:17-75
202                android:value="androidx.startup" />
202-->[androidx.emoji2:emoji2:1.3.0] AndroidManifest.xml:31:17-49
203            <meta-data
203-->[androidx.lifecycle:lifecycle-process:2.6.2] AndroidManifest.xml:29:13-31:52
204                android:name="androidx.lifecycle.ProcessLifecycleInitializer"
204-->[androidx.lifecycle:lifecycle-process:2.6.2] AndroidManifest.xml:30:17-78
205                android:value="androidx.startup" />
205-->[androidx.lifecycle:lifecycle-process:2.6.2] AndroidManifest.xml:31:17-49
206            <meta-data
206-->[androidx.profileinstaller:profileinstaller:1.3.1] AndroidManifest.xml:29:13-31:52
207                android:name="androidx.profileinstaller.ProfileInstallerInitializer"
207-->[androidx.profileinstaller:profileinstaller:1.3.1] AndroidManifest.xml:30:17-85
208                android:value="androidx.startup" />
208-->[androidx.profileinstaller:profileinstaller:1.3.1] AndroidManifest.xml:31:17-49
209        </provider>
210
211        <receiver
211-->[androidx.profileinstaller:profileinstaller:1.3.1] AndroidManifest.xml:34:9-52:20
212            android:name="androidx.profileinstaller.ProfileInstallReceiver"
212-->[androidx.profileinstaller:profileinstaller:1.3.1] AndroidManifest.xml:35:13-76
213            android:directBootAware="false"
213-->[androidx.profileinstaller:profileinstaller:1.3.1] AndroidManifest.xml:36:13-44
214            android:enabled="true"
214-->[androidx.profileinstaller:profileinstaller:1.3.1] AndroidManifest.xml:37:13-35
215            android:exported="true"
215-->[androidx.profileinstaller:profileinstaller:1.3.1] AndroidManifest.xml:38:13-36
216            android:permission="android.permission.DUMP" >
216-->[androidx.profileinstaller:profileinstaller:1.3.1] AndroidManifest.xml:39:13-57
217            <intent-filter>
217-->[androidx.profileinstaller:profileinstaller:1.3.1] AndroidManifest.xml:40:13-42:29
218                <action android:name="androidx.profileinstaller.action.INSTALL_PROFILE" />
218-->[androidx.profileinstaller:profileinstaller:1.3.1] AndroidManifest.xml:41:17-91
218-->[androidx.profileinstaller:profileinstaller:1.3.1] AndroidManifest.xml:41:25-88
219            </intent-filter>
220            <intent-filter>
220-->[androidx.profileinstaller:profileinstaller:1.3.1] AndroidManifest.xml:43:13-45:29
221                <action android:name="androidx.profileinstaller.action.SKIP_FILE" />
221-->[androidx.profileinstaller:profileinstaller:1.3.1] AndroidManifest.xml:44:17-85
221-->[androidx.profileinstaller:profileinstaller:1.3.1] AndroidManifest.xml:44:25-82
222            </intent-filter>
223            <intent-filter>
223-->[androidx.profileinstaller:profileinstaller:1.3.1] AndroidManifest.xml:46:13-48:29
224                <action android:name="androidx.profileinstaller.action.SAVE_PROFILE" />
224-->[androidx.profileinstaller:profileinstaller:1.3.1] AndroidManifest.xml:47:17-88
224-->[androidx.profileinstaller:profileinstaller:1.3.1] AndroidManifest.xml:47:25-85
225            </intent-filter>
226            <intent-filter>
226-->[androidx.profileinstaller:profileinstaller:1.3.1] AndroidManifest.xml:49:13-51:29
227                <action android:name="androidx.profileinstaller.action.BENCHMARK_OPERATION" />
227-->[androidx.profileinstaller:profileinstaller:1.3.1] AndroidManifest.xml:50:17-95
227-->[androidx.profileinstaller:profileinstaller:1.3.1] AndroidManifest.xml:50:25-92
228            </intent-filter>
229        </receiver>
230    </application>
231
232</manifest>